2025-09-17 22:47:15 | Parse [warning]: A void function must not return a value | File: C:\laragon\www\DocTruyenHay\src\Application\Router.php | Line: 491
2025-10-12 21:26:04 | Parse [warning]: Declaration of Craft\Database\QueryBuilder\SqliteBuilder::insert(array $data): Craft\Database\QueryBuilder\SqliteBuilder must be compatible with Craft\Database\Interfaces\BuilderInterface::insert(array $data): Craft\Database\Interfaces\BuilderInterface | File: C:\laragon\www\DocTruyenHay\src\Database\QueryBuilder\SqliteBuilder.php | Line: 4
2025-10-12 21:26:22 | Parse [warning]: Declaration of Craft\Database\QueryBuilder\SqliteBuilder::insert(array $data): Craft\Database\QueryBuilder\SqliteBuilder must be compatible with Craft\Database\Interfaces\BuilderInterface::insert(array $data): Craft\Database\Interfaces\BuilderInterface | File: C:\laragon\www\DocTruyenHay\src\Database\QueryBuilder\SqliteBuilder.php | Line: 4
2025-10-12 21:26:46 | Parse [warning]: Declaration of Craft\Database\QueryBuilder\SqliteBuilder::insert(array $data): Craft\Database\QueryBuilder\SqliteBuilder must be compatible with Craft\Database\Interfaces\BuilderInterface::insert(array $data): Craft\Database\Interfaces\BuilderInterface | File: C:\laragon\www\DocTruyenHay\src\Database\QueryBuilder\SqliteBuilder.php | Line: 4
2025-10-12 21:27:18 | Parse [warning]: Declaration of Craft\Database\QueryBuilder\SqliteBuilder::insert(array $data): Craft\Database\QueryBuilder\SqliteBuilder must be compatible with Craft\Database\Interfaces\BuilderInterface::insert(array $data): Craft\Database\Interfaces\BuilderInterface | File: C:\laragon\www\DocTruyenHay\src\Database\QueryBuilder\SqliteBuilder.php | Line: 4
2025-10-12 21:28:47 | Parse [warning]: Declaration of Craft\Database\QueryBuilder\SqliteBuilder::insert(array $data) must be compatible with Craft\Database\Interfaces\BuilderInterface::insert(array $data): Craft\Database\Interfaces\BuilderInterface | File: C:\laragon\www\DocTruyenHay\src\Database\QueryBuilder\SqliteBuilder.php | Line: 4
2025-10-12 21:30:05 | Parse [warning]: Declaration of Craft\Database\QueryBuilder\SqliteBuilder::insert(array $data): Craft\Database\QueryBuilder\SqliteBuilder must be compatible with Craft\Database\Interfaces\BuilderInterface::insert(array $data): Craft\Database\Interfaces\BuilderInterface | File: C:\laragon\www\DocTruyenHay\src\Database\QueryBuilder\SqliteBuilder.php | Line: 4
2025-10-12 21:39:37 | Parse [warning]: Declaration of Craft\Database\QueryBuilder\SqliteBuilder::insert(array $data): Craft\Database\QueryBuilder\SqliteBuilder must be compatible with Craft\Database\Interfaces\BuilderInterface::insert(array $data): Craft\Database\Interfaces\BuilderInterface | File: C:\laragon\www\DocTruyenHay\src\Database\QueryBuilder\SqliteBuilder.php | Line: 4
2025-10-12 21:50:38 | Parse [warning]: Declaration of Craft\Database\QueryBuilder\SqliteBuilder::insert(array $data): Craft\Database\QueryBuilder\SqliteBuilder must be compatible with Craft\Database\Interfaces\BuilderInterface::insert(array $data): Craft\Database\Interfaces\BuilderInterface | File: C:\laragon\www\DocTruyenHay\src\Database\QueryBuilder\SqliteBuilder.php | Line: 4
2025-10-12 21:53:15 | Parse [warning]: Declaration of Craft\Database\QueryBuilder\SqliteBuilder::insert(array $data): Craft\Database\QueryBuilder\BuilderInterface must be compatible with Craft\Database\Interfaces\BuilderInterface::insert(array $data): Craft\Database\Interfaces\BuilderInterface | File: C:\laragon\www\DocTruyenHay\src\Database\QueryBuilder\SqliteBuilder.php | Line: 5
2025-10-28 16:17:23 | Parse [error]: syntax error, unexpected end of file | File: C:\laragon\www\DocTruyenHay\app\Router\web.php | Line: 89
2025-10-28 16:18:11 | Parse [error]: syntax error, unexpected token "}" | File: C:\laragon\www\DocTruyenHay\app\Router\web.php | Line: 85
2025-10-28 16:18:24 | Parse [warning]: Uncaught Error: Call to undefined function hello() in C:\laragon\www\DocTruyenHay\app\Router\web.php:84
Stack trace:
#0 [internal function]: Core\Application\App::{closure}()
#1 C:\laragon\www\DocTruyenHay\src\Application\Router.php(816): call_user_func_array(Object(Closure), Array)
#2 C:\laragon\www\DocTruyenHay\src\Application\Router.php(646): Core\Application\Router->callStandardHandler(Array, Array)
#3 C:\laragon\www\DocTruyenHay\src\Application\Router.php(761): Core\Application\Router->runInstance()
#4 C:\laragon\www\DocTruyenHay\src\Application\App.php(448): Core\Application\Router::run()
#5 C:\laragon\www\DocTruyenHay\public\index.php(79): Core\Application\App::bootWeb()
#6 {main}
  thrown | File: C:\laragon\www\DocTruyenHay\app\Router\web.php | Line: 84
2025-10-29 22:00:32 | Parse [error]: syntax error, unexpected token "&" | File: C:\laragon\www\DocTruyenHay\src\Application\Router.php | Line: 72
2025-10-29 22:01:03 | Parse [warning]: Uncaught ArgumentCountError: ReflectionFunction::invokeArgs() expects exactly 1 argument, 2 given in C:\laragon\www\DocTruyenHay\src\Application\Router.php:361
Stack trace:
#0 C:\laragon\www\DocTruyenHay\src\Application\Router.php(361): ReflectionFunction->invokeArgs(Array, Array)
#1 C:\laragon\www\DocTruyenHay\src\Application\Router.php(416): Core\Application\Router->invokeHandler(Object(Closure), Array)
#2 C:\laragon\www\DocTruyenHay\src\Application\Router.php(269): Core\Application\Router->handleNotFound('GET', '/api/genre')
#3 C:\laragon\www\DocTruyenHay\src\Application\Router.php(274): Core\Application\Router->runInstance()
#4 C:\laragon\www\DocTruyenHay\src\Application\App.php(448): Core\Application\Router::run()
#5 C:\laragon\www\DocTruyenHay\public\index.php(79): Core\Application\App::bootWeb()
#6 {main}
  thrown | File: C:\laragon\www\DocTruyenHay\src\Application\Router.php | Line: 361
2025-10-29 22:47:02 | Parse [warning]: Uncaught Exception: 405 Method Not Allowed: The requested URL /api/genres exists but does not support PUT method.Allowed: GET, POST in C:\laragon\www\DocTruyenHay\src\Application\Router.php:693
Stack trace:
#0 C:\laragon\www\DocTruyenHay\src\Application\Router.php(771): Core\Application\Router->runInstance()
#1 C:\laragon\www\DocTruyenHay\src\Application\App.php(448): Core\Application\Router::run()
#2 C:\laragon\www\DocTruyenHay\public\index.php(79): Core\Application\App::bootWeb()
#3 {main}
  thrown | File: C:\laragon\www\DocTruyenHay\src\Application\Router.php | Line: 693
2025-10-30 21:22:13 | Parse [warning]: Uncaught RuntimeException: Template not found: admin.dashboard in C:\laragon\www\DocTruyenHay\vendor\eftec\bladeone\lib\BladeOne.php:1434
Stack trace:
#0 C:\laragon\www\DocTruyenHay\vendor\eftec\bladeone\lib\BladeOne.php(1395): eftec\bladeone\BladeOne->getCompiledFile('admin.dashboard')
#1 C:\laragon\www\DocTruyenHay\vendor\eftec\bladeone\lib\BladeOne.php(1284): eftec\bladeone\BladeOne->compile('admin.dashboard', false)
#2 C:\laragon\www\DocTruyenHay\vendor\eftec\bladeone\lib\BladeOne.php(2191): eftec\bladeone\BladeOne->runInternal('admin.dashboard', Array, false, false)
#3 C:\laragon\www\DocTruyenHay\src\Application\Drive\View\BladeOneDrive.php(39): eftec\bladeone\BladeOne->run('admin.dashboard', Array)
#4 C:\laragon\www\DocTruyenHay\src\Application\View.php(95): Core\Application\Drive\View\BladeOneDrive->render('admin.dashboard', Array)
#5 C:\laragon\www\DocTruyenHay\app\Controller\Controller.php(20): Core\Application\View->view('admin.dashboard', Array)
#6 C:\laragon\www\DocTruyenHay\app\Controller\Admin\AdminController.php(24): App\Controller\Controller->render('admin.dashboard')
#7 [internal function]: App\Controller\Admin\AdminController->dashboard()
#8 C:\laragon\www\DocTruyenHay\src\Application\Router.php(819): call_user_func_array(Array, Array)
#9 C:\laragon\www\DocTruyenHay\src\Application\Router.php(656): Core\Application\Router->callStandardHandler(Array, Array)
#10 C:\laragon\www\DocTruyenHay\src\Application\Router.php(771): Core\Application\Router->runInstance()
#11 C:\laragon\www\DocTruyenHay\src\Application\App.php(448): Core\Application\Router::run()
#12 C:\laragon\www\DocTruyenHay\public\index.php(79): Core\Application\App::bootWeb()
#13 {main}
  thrown | File: C:\laragon\www\DocTruyenHay\vendor\eftec\bladeone\lib\BladeOne.php | Line: 1434
2025-10-30 21:23:47 | Parse [warning]: Uncaught RuntimeException: Template not found: admin.dashboard in C:\laragon\www\DocTruyenHay\vendor\eftec\bladeone\lib\BladeOne.php:1434
Stack trace:
#0 C:\laragon\www\DocTruyenHay\vendor\eftec\bladeone\lib\BladeOne.php(1395): eftec\bladeone\BladeOne->getCompiledFile('admin.dashboard')
#1 C:\laragon\www\DocTruyenHay\vendor\eftec\bladeone\lib\BladeOne.php(1284): eftec\bladeone\BladeOne->compile('admin.dashboard', false)
#2 C:\laragon\www\DocTruyenHay\vendor\eftec\bladeone\lib\BladeOne.php(2191): eftec\bladeone\BladeOne->runInternal('admin.dashboard', Array, false, false)
#3 C:\laragon\www\DocTruyenHay\src\Application\Drive\View\BladeOneDrive.php(39): eftec\bladeone\BladeOne->run('admin.dashboard', Array)
#4 C:\laragon\www\DocTruyenHay\src\Application\View.php(95): Core\Application\Drive\View\BladeOneDrive->render('admin.dashboard', Array)
#5 C:\laragon\www\DocTruyenHay\app\Controller\Controller.php(20): Core\Application\View->view('admin.dashboard', Array)
#6 C:\laragon\www\DocTruyenHay\app\Controller\Admin\AdminController.php(24): App\Controller\Controller->render('admin.dashboard')
#7 [internal function]: App\Controller\Admin\AdminController->dashboard()
#8 C:\laragon\www\DocTruyenHay\src\Application\Router.php(819): call_user_func_array(Array, Array)
#9 C:\laragon\www\DocTruyenHay\src\Application\Router.php(656): Core\Application\Router->callStandardHandler(Array, Array)
#10 C:\laragon\www\DocTruyenHay\src\Application\Router.php(771): Core\Application\Router->runInstance()
#11 C:\laragon\www\DocTruyenHay\src\Application\App.php(448): Core\Application\Router::run()
#12 C:\laragon\www\DocTruyenHay\public\index.php(79): Core\Application\App::bootWeb()
#13 {main}
  thrown | File: C:\laragon\www\DocTruyenHay\vendor\eftec\bladeone\lib\BladeOne.php | Line: 1434
